[debug] [2024-06-21T22:44:44.630Z] ----------------------------------------------------------------------
[debug] [2024-06-21T22:44:44.634Z] Command:       /usr/local/bin/firebase /Users/stuart/.cache/firebase/tools/lib/node_modules/firebase-tools/lib/bin/firebase deploy --only functions:remindLobby
[debug] [2024-06-21T22:44:44.635Z] CLI Version:   11.18.0
[debug] [2024-06-21T22:44:44.635Z] Platform:      darwin
[debug] [2024-06-21T22:44:44.635Z] Node Version:  v16.16.0
[debug] [2024-06-21T22:44:44.652Z] Time:          Fri Jun 21 2024 17:44:44 GMT-0500 (Central Daylight Time)
[debug] [2024-06-21T22:44:44.652Z] ----------------------------------------------------------------------
[debug] 
[debug] [2024-06-21T22:44:44.827Z] > command requires scopes: ["email","openid","https://www.googleapis.com/auth/cloudplatformprojects.readonly","https://www.googleapis.com/auth/firebase","https://www.googleapis.com/auth/cloud-platform"]
[debug] [2024-06-21T22:44:44.830Z] > authorizing via signed-in user (stuartray69@gmail.com)
[debug] [2024-06-21T22:44:44.831Z] [iam] checking project mesh-alpha-7s78jh for permissions ["cloudfunctions.functions.create","cloudfunctions.functions.delete","cloudfunctions.functions.get","cloudfunctions.functions.list","cloudfunctions.functions.update","cloudfunctions.operations.get","firebase.projects.get"]
[debug] [2024-06-21T22:44:44.838Z] >>> [apiv2][query] POST https://cloudresourcemanager.googleapis.com/v1/projects/mesh-alpha-7s78jh:testIamPermissions [none]
[debug] [2024-06-21T22:44:44.840Z] >>> [apiv2][(partial)header] POST https://cloudresourcemanager.googleapis.com/v1/projects/mesh-alpha-7s78jh:testIamPermissions x-goog-quota-user=projects/mesh-alpha-7s78jh
[debug] [2024-06-21T22:44:44.841Z] >>> [apiv2][body] POST https://cloudresourcemanager.googleapis.com/v1/projects/mesh-alpha-7s78jh:testIamPermissions {"permissions":["cloudfunctions.functions.create","cloudfunctions.functions.delete","cloudfunctions.functions.get","cloudfunctions.functions.list","cloudfunctions.functions.update","cloudfunctions.operations.get","firebase.projects.get"]}
[debug] [2024-06-21T22:44:45.295Z] <<< [apiv2][status] POST https://cloudresourcemanager.googleapis.com/v1/projects/mesh-alpha-7s78jh:testIamPermissions 200
[debug] [2024-06-21T22:44:45.299Z] <<< [apiv2][body] POST https://cloudresourcemanager.googleapis.com/v1/projects/mesh-alpha-7s78jh:testIamPermissions {"permissions":["cloudfunctions.functions.create","cloudfunctions.functions.delete","cloudfunctions.functions.get","cloudfunctions.functions.list","cloudfunctions.functions.update","cloudfunctions.operations.get","firebase.projects.get"]}
[debug] [2024-06-21T22:44:45.302Z] >>> [apiv2][query] POST https://iam.googleapis.com/v1/projects/mesh-alpha-7s78jh/serviceAccounts/mesh-alpha-7s78jh@appspot.gserviceaccount.com:testIamPermissions [none]
[debug] [2024-06-21T22:44:45.304Z] >>> [apiv2][body] POST https://iam.googleapis.com/v1/projects/mesh-alpha-7s78jh/serviceAccounts/mesh-alpha-7s78jh@appspot.gserviceaccount.com:testIamPermissions {"permissions":["iam.serviceAccounts.actAs"]}
[debug] [2024-06-21T22:44:45.530Z] <<< [apiv2][status] POST https://iam.googleapis.com/v1/projects/mesh-alpha-7s78jh/serviceAccounts/mesh-alpha-7s78jh@appspot.gserviceaccount.com:testIamPermissions 200
[debug] [2024-06-21T22:44:45.533Z] <<< [apiv2][body] POST https://iam.googleapis.com/v1/projects/mesh-alpha-7s78jh/serviceAccounts/mesh-alpha-7s78jh@appspot.gserviceaccount.com:testIamPermissions {"permissions":["iam.serviceAccounts.actAs"]}
[info] 
[info] === Deploying to 'mesh-alpha-7s78jh'...
[info] 
[info] i  deploying functions 
[info] Running command: npm --prefix "$RESOURCE_DIR" run lint
